0 info it worked if it ends with ok
1 verbose cli [ 'E:\\install\\nodejs\\node.exe',
1 verbose cli   'E:\\install\\nodejs\\node_modules\\npm\\bin\\npm-cli.js',
1 verbose cli   'start' ]
2 info using npm@3.7.3
3 info using node@v5.9.1
4 verbose run-script [ 'prestart', 'start', 'poststart' ]
5 info lifecycle express_stu@0.0.0~prestart: express_stu@0.0.0
6 silly lifecycle express_stu@0.0.0~prestart: no script for prestart, continuing
7 info lifecycle express_stu@0.0.0~start: express_stu@0.0.0
8 verbose lifecycle express_stu@0.0.0~start: unsafe-perm in lifecycle true
9 verbose lifecycle express_stu@0.0.0~start: PATH: E:\install\nodejs\node_modules\npm\bin\node-gyp-bin;E:\code\webstorm\express_stu\node_modules\.bin;E:\install\nodejs;C:\Windows\system32;C:\Windows;C:\Windows\System32\Wbem;C:\Windows\System32\WindowsPowerShell\v1.0\;D:\Program Files (x86)\Git\cmd;D:\Program Files\TortoiseGit\bin;E:\install\Java\jdk1.7.0_79\bin;E:\install\Java\jdk1.7.0_79\jre\bin;E:\install\Python33;E:\install\nodejs\;E:\install\apache-maven-3.3.9\bin;E:\install\MySQL\MySQL Server 5.1\bin;E:\install\Ruby21\bin;C:\Users\yicj\AppData\Roaming\npm
10 verbose lifecycle express_stu@0.0.0~start: CWD: E:\code\webstorm\express_stu
11 silly lifecycle express_stu@0.0.0~start: Args: [ '/d /s /c', 'node ./bin/www' ]
12 silly lifecycle express_stu@0.0.0~start: Returned: code: 1  signal: null
13 info lifecycle express_stu@0.0.0~start: Failed to exec start script
14 verbose stack Error: express_stu@0.0.0 start: `node ./bin/www`
14 verbose stack Exit status 1
14 verbose stack     at EventEmitter.<anonymous> (E:\install\nodejs\node_modules\npm\lib\utils\lifecycle.js:239:16)
14 verbose stack     at emitTwo (events.js:100:13)
14 verbose stack     at EventEmitter.emit (events.js:185:7)
14 verbose stack     at ChildProcess.<anonymous> (E:\install\nodejs\node_modules\npm\lib\utils\spawn.js:24:14)
14 verbose stack     at emitTwo (events.js:100:13)
14 verbose stack     at ChildProcess.emit (events.js:185:7)
14 verbose stack     at maybeClose (internal/child_process.js:850:16)
14 verbose stack     at Process.ChildProcess._handle.onexit (internal/child_process.js:215:5)
15 verbose pkgid express_stu@0.0.0
16 verbose cwd E:\code\webstorm\express_stu
17 error Windows_NT 6.1.7601
18 error argv "E:\\install\\nodejs\\node.exe" "E:\\install\\nodejs\\node_modules\\npm\\bin\\npm-cli.js" "start"
19 error node v5.9.1
20 error npm  v3.7.3
21 error code ELIFECYCLE
22 error express_stu@0.0.0 start: `node ./bin/www`
22 error Exit status 1
23 error Failed at the express_stu@0.0.0 start script 'node ./bin/www'.
23 error Make sure you have the latest version of node.js and npm installed.
23 error If you do, this is most likely a problem with the express_stu package,
23 error not with npm itself.
23 error Tell the author that this fails on your system:
23 error     node ./bin/www
23 error You can get information on how to open an issue for this project with:
23 error     npm bugs express_stu
23 error Or if that isn't available, you can get their info via:
23 error     npm owner ls express_stu
23 error There is likely additional logging output above.
24 verbose exit [ 1, true ]
